2013-05-23 11:19:17,628 - Trying to use logger class org.apache.velocity.runtime.log.Log4JLogChute
2013-05-23 11:19:17,628 - Using logger class org.apache.velocity.runtime.log.Log4JLogChute
2013-05-23 11:19:17,631 - Default ResourceManager initializing. (class org.apache.velocity.runtime.resource.ResourceManagerImpl)
2013-05-23 11:19:17,633 - ResourceLoader instantiated: org.apache.velocity.runtime.resource.loader.ClasspathResourceLoader
2013-05-23 11:19:17,668 - ResourceCache: initialized (class org.apache.velocity.runtime.resource.ResourceCacheImpl)
2013-05-23 11:19:17,670 - Loaded System Directive: org.apache.velocity.runtime.directive.Literal
2013-05-23 11:19:17,672 - Loaded System Directive: org.apache.velocity.runtime.directive.Macro
2013-05-23 11:19:17,673 - Loaded System Directive: org.apache.velocity.runtime.directive.Parse
2013-05-23 11:19:17,674 - Loaded System Directive: org.apache.velocity.runtime.directive.Include
2013-05-23 11:19:17,675 - Loaded System Directive: org.apache.velocity.runtime.directive.Foreach
2013-05-23 11:19:17,709 - Created '20' parsers.
2013-05-23 11:19:17,715 - Velocimacro : "velocimacro.library" is not set.  Trying default library: VM_global_library.vm
2013-05-23 11:19:17,715 - Velocimacro : Default library not found.
2013-05-23 11:19:17,715 - Velocimacro : allowInline = true : VMs can be defined inline in templates
2013-05-23 11:19:17,715 - Velocimacro : allowInlineToOverride = false : VMs defined inline may NOT replace previous VM definitions
2013-05-23 11:19:17,715 - Velocimacro : allowInlineLocal = false : VMs defined inline will be global in scope if allowed.
2013-05-23 11:19:17,715 - Velocimacro : autoload off : VM system will not automatically reload global library macros
2013-05-23 11:19:17,735 - ResourceManager : found /templates/views/pathView.vm with loader org.apache.velocity.runtime.resource.loader.ClasspathResourceLoader
2013-05-23 11:19:17,747 - ResourceManager : found /templates/views/simpleView.vm with loader org.apache.velocity.runtime.resource.loader.ClasspathResourceLoader
2013-05-23 11:19:22,153 - ResourceManager : found /templates/r2rml/subjectMap.vm with loader org.apache.velocity.runtime.resource.loader.ClasspathResourceLoader
2013-05-23 11:19:22,157 - ResourceManager : found /templates/r2rml/predicateObjectMap.vm with loader org.apache.velocity.runtime.resource.loader.ClasspathResourceLoader
2013-05-23 11:19:22,159 - ResourceManager : found /templates/r2rml/datatypeMap.vm with loader org.apache.velocity.runtime.resource.loader.ClasspathResourceLoader
2013-05-23 11:19:22,161 - ResourceManager : found /templates/r2rml/objectMap.vm with loader org.apache.velocity.runtime.resource.loader.ClasspathResourceLoader
2013-05-23 11:19:22,163 - ResourceManager : found /templates/r2rml/objectMap.vm with loader org.apache.velocity.runtime.resource.loader.ClasspathResourceLoader
2013-05-23 11:19:22,164 - ResourceManager : found /templates/r2rml/datatypeMapManyCols.vm with loader org.apache.velocity.runtime.resource.loader.ClasspathResourceLoader
2013-05-23 11:19:22,165 - ResourceManager : found /templates/r2rml/datatypeMap.vm with loader org.apache.velocity.runtime.resource.loader.ClasspathResourceLoader
2013-07-19 11:33:12,937 - Log4JLogChute initialized using file 'velocity.log'
2013-07-19 11:33:12,976 - Starting Apache Velocity v1.5 (compiled: 2007-02-22 08:52:29)
2013-07-19 11:33:12,976 - Default Properties File: org\apache\velocity\runtime\defaults\velocity.properties
2013-07-19 11:33:12,976 - Trying to use logger class org.apache.velocity.runtime.log.AvalonLogChute
2013-07-19 11:33:12,977 - Couldn't find class org.apache.velocity.runtime.log.AvalonLogChute or necessary supporting classes in classpath.
java.lang.NoClassDefFoundError: org/apache/log/format/Formatter
	at java.lang.Class.forName0(Native Method)
	at java.lang.Class.forName(Class.java:264)
	at org.apache.velocity.util.ClassUtils.getClass(ClassUtils.java:63)
	at org.apache.velocity.util.ClassUtils.getNewInstance(ClassUtils.java:95)
	at org.apache.velocity.runtime.log.LogManager.createLogChute(LogManager.java:147)
	at org.apache.velocity.runtime.log.LogManager.updateLog(LogManager.java:208)
	at org.apache.velocity.runtime.RuntimeInstance.initializeLog(RuntimeInstance.java:728)
	at org.apache.velocity.runtime.RuntimeInstance.init(RuntimeInstance.java:240)
	at org.apache.velocity.runtime.RuntimeSingleton.init(RuntimeSingleton.java:113)
	at org.apache.velocity.app.Velocity.init(Velocity.java:83)
	at rdb2rdfmappingbuilder.TemplateUtil.loadTemplate(TemplateUtil.java:49)
	at rdb2rdfmappingbuilder.TemplateUtil.applyTemplate(TemplateUtil.java:21)
	at br.ufc.mcc.arida.rdb2rdfmb.mapping.ViewsGen.buildViews(ViewsGen.java:143)
	at rdb2rdfmappingbuilder.MainController.createSqlViewsFired(MainController.java:706)
	at sun.reflect.NativeMethodAccessorImpl.invoke0(Native Method)
	at sun.reflect.NativeMethodAccessorImpl.invoke(NativeMethodAccessorImpl.java:57)
	at sun.reflect.DelegatingMethodAccessorImpl.invoke(DelegatingMethodAccessorImpl.java:43)
	at java.lang.reflect.Method.invoke(Method.java:601)
	at javafx.fxml.FXMLLoader$ControllerMethodEventHandler.handle(FXMLLoader.java:1435)
	at com.sun.javafx.event.CompositeEventHandler.dispatchBubblingEvent(CompositeEventHandler.java:69)
	at com.sun.javafx.event.EventHandlerManager.dispatchBubblingEvent(EventHandlerManager.java:217)
	at com.sun.javafx.event.EventHandlerManager.dispatchBubblingEvent(EventHandlerManager.java:170)
	at com.sun.javafx.event.CompositeEventDispatcher.dispatchBubblingEvent(CompositeEventDispatcher.java:38)
	at com.sun.javafx.event.BasicEventDispatcher.dispatchEvent(BasicEventDispatcher.java:37)
	at com.sun.javafx.event.EventDispatchChainImpl.dispatchEvent(EventDispatchChainImpl.java:92)
	at com.sun.javafx.event.BasicEventDispatcher.dispatchEvent(BasicEventDispatcher.java:35)
	at com.sun.javafx.event.EventDispatchChainImpl.dispatchEvent(EventDispatchChainImpl.java:92)
	at com.sun.javafx.event.BasicEventDispatcher.dispatchEvent(BasicEventDispatcher.java:35)
	at com.sun.javafx.event.EventDispatchChainImpl.dispatchEvent(EventDispatchChainImpl.java:92)
	at com.sun.javafx.event.BasicEventDispatcher.dispatchEvent(BasicEventDispatcher.java:35)
	at com.sun.javafx.event.EventDispatchChainImpl.dispatchEvent(EventDispatchChainImpl.java:92)
	at com.sun.javafx.event.BasicEventDispatcher.dispatchEvent(BasicEventDispatcher.java:35)
	at com.sun.javafx.event.EventDispatchChainImpl.dispatchEvent(EventDispatchChainImpl.java:92)
	at com.sun.javafx.event.BasicEventDispatcher.dispatchEvent(BasicEventDispatcher.java:35)
	at com.sun.javafx.event.EventDispatchChainImpl.dispatchEvent(EventDispatchChainImpl.java:92)
	at com.sun.javafx.event.BasicEventDispatcher.dispatchEvent(BasicEventDispatcher.java:35)
	at com.sun.javafx.event.EventDispatchChainImpl.dispatchEvent(EventDispatchChainImpl.java:92)
	at com.sun.javafx.event.BasicEventDispatcher.dispatchEvent(BasicEventDispatcher.java:35)
	at com.sun.javafx.event.EventDispatchChainImpl.dispatchEvent(EventDispatchChainImpl.java:92)
	at com.sun.javafx.event.EventUtil.fireEventImpl(EventUtil.java:53)
	at com.sun.javafx.event.EventUtil.fireEvent(EventUtil.java:28)
	at javafx.event.Event.fireEvent(Event.java:171)
	at javafx.scene.Node.fireEvent(Node.java:6863)
	at javafx.scene.control.Button.fire(Button.java:179)
	at com.sun.javafx.scene.control.behavior.ButtonBehavior.mouseReleased(ButtonBehavior.java:193)
	at com.sun.javafx.scene.control.skin.SkinBase$4.handle(SkinBase.java:336)
	at com.sun.javafx.scene.control.skin.SkinBase$4.handle(SkinBase.java:329)
	at com.sun.javafx.event.CompositeEventHandler.dispatchBubblingEvent(CompositeEventHandler.java:64)
	at com.sun.javafx.event.EventHandlerManager.dispatchBubblingEvent(EventHandlerManager.java:217)
	at com.sun.javafx.event.EventHandlerManager.dispatchBubblingEvent(EventHandlerManager.java:170)
	at com.sun.javafx.event.CompositeEventDispatcher.dispatchBubblingEvent(CompositeEventDispatcher.java:38)
	at com.sun.javafx.event.BasicEventDispatcher.dispatchEvent(BasicEventDispatcher.java:37)
	at com.sun.javafx.event.EventDispatchChainImpl.dispatchEvent(EventDispatchChainImpl.java:92)
	at com.sun.javafx.event.BasicEventDispatcher.dispatchEvent(BasicEventDispatcher.java:35)
	at com.sun.javafx.event.EventDispatchChainImpl.dispatchEvent(EventDispatchChainImpl.java:92)
	at com.sun.javafx.event.BasicEventDispatcher.dispatchEvent(BasicEventDispatcher.java:35)
	at com.sun.javafx.event.EventDispatchChainImpl.dispatchEvent(EventDispatchChainImpl.java:92)
	at com.sun.javafx.event.BasicEventDispatcher.dispatchEvent(BasicEventDispatcher.java:35)
	at com.sun.javafx.event.EventDispatchChainImpl.dispatchEvent(EventDispatchChainImpl.java:92)
	at com.sun.javafx.event.BasicEventDispatcher.dispatchEvent(BasicEventDispatcher.java:35)
	at com.sun.javafx.event.EventDispatchChainImpl.dispatchEvent(EventDispatchChainImpl.java:92)
	at com.sun.javafx.event.BasicEventDispatcher.dispatchEvent(BasicEventDispatcher.java:35)
	at com.sun.javafx.event.EventDispatchChainImpl.dispatchEvent(EventDispatchChainImpl.java:92)
	at com.sun.javafx.event.BasicEventDispatcher.dispatchEvent(BasicEventDispatcher.java:35)
	at com.sun.javafx.event.EventDispatchChainImpl.dispatchEvent(EventDispatchChainImpl.java:92)
	at com.sun.javafx.event.BasicEventDispatcher.dispatchEvent(BasicEventDispatcher.java:35)
	at com.sun.javafx.event.EventDispatchChainImpl.dispatchEvent(EventDispatchChainImpl.java:92)
	at com.sun.javafx.event.BasicEventDispatcher.dispatchEvent(BasicEventDispatcher.java:35)
	at com.sun.javafx.event.EventDispatchChainImpl.dispatchEvent(EventDispatchChainImpl.java:92)
	at com.sun.javafx.event.EventUtil.fireEventImpl(EventUtil.java:53)
	at com.sun.javafx.event.EventUtil.fireEvent(EventUtil.java:33)
	at javafx.event.Event.fireEvent(Event.java:171)
	at javafx.scene.Scene$MouseHandler.process(Scene.java:3324)
	at javafx.scene.Scene$MouseHandler.process(Scene.java:3164)
	at javafx.scene.Scene$MouseHandler.access$1900(Scene.java:3119)
	at javafx.scene.Scene.impl_processMouseEvent(Scene.java:1559)
	at javafx.scene.Scene$ScenePeerListener.mouseEvent(Scene.java:2261)
	at com.sun.javafx.tk.quantum.GlassViewEventHandler.handleMouseEvent(GlassViewEventHandler.java:228)
	at com.sun.glass.ui.View.handleMouseEvent(View.java:528)
	at com.sun.glass.ui.View.notifyMouse(View.java:922)
	at com.sun.glass.ui.win.WinApplication._runLoop(Native Method)
	at com.sun.glass.ui.win.WinApplication.access$100(WinApplication.java:29)
	at com.sun.glass.ui.win.WinApplication$3$1.run(WinApplication.java:73)
	at java.lang.Thread.run(Thread.java:722)
Caused by: java.lang.ClassNotFoundException: org.apache.log.format.Formatter
	at java.net.URLClassLoader$1.run(URLClassLoader.java:366)
	at java.net.URLClassLoader$1.run(URLClassLoader.java:355)
	at java.security.AccessController.doPrivileged(Native Method)
	at java.net.URLClassLoader.findClass(URLClassLoader.java:354)
	at java.lang.ClassLoader.loadClass(ClassLoader.java:423)
	at java.lang.ClassLoader.loadClass(ClassLoader.java:356)
	... 84 more
2013-07-19 11:33:12,980 - Trying to use logger class org.apache.velocity.runtime.log.Log4JLogChute
2013-07-19 11:33:12,980 - Using logger class org.apache.velocity.runtime.log.Log4JLogChute
2013-07-19 11:33:12,983 - Default ResourceManager initializing. (class org.apache.velocity.runtime.resource.ResourceManagerImpl)
2013-07-19 11:33:12,985 - ResourceLoader instantiated: org.apache.velocity.runtime.resource.loader.ClasspathResourceLoader
2013-07-19 11:33:12,997 - ResourceCache: initialized (class org.apache.velocity.runtime.resource.ResourceCacheImpl)
2013-07-19 11:33:12,998 - Loaded System Directive: org.apache.velocity.runtime.directive.Literal
2013-07-19 11:33:13,000 - Loaded System Directive: org.apache.velocity.runtime.directive.Macro
2013-07-19 11:33:13,001 - Loaded System Directive: org.apache.velocity.runtime.directive.Parse
2013-07-19 11:33:13,002 - Loaded System Directive: org.apache.velocity.runtime.directive.Include
2013-07-19 11:33:13,003 - Loaded System Directive: org.apache.velocity.runtime.directive.Foreach
2013-07-19 11:33:13,055 - Created '20' parsers.
2013-07-19 11:33:13,060 - Velocimacro : "velocimacro.library" is not set.  Trying default library: VM_global_library.vm
2013-07-19 11:33:13,061 - Velocimacro : Default library not found.
2013-07-19 11:33:13,061 - Velocimacro : allowInline = true : VMs can be defined inline in templates
2013-07-19 11:33:13,061 - Velocimacro : allowInlineToOverride = false : VMs defined inline may NOT replace previous VM definitions
2013-07-19 11:33:13,061 - Velocimacro : allowInlineLocal = false : VMs defined inline will be global in scope if allowed.
2013-07-19 11:33:13,061 - Velocimacro : autoload off : VM system will not automatically reload global library macros
2013-07-19 11:33:13,078 - ResourceManager : found /templates/views/simpleView.vm with loader org.apache.velocity.runtime.resource.loader.ClasspathResourceLoader
2013-07-25 10:22:46,620 - Log4JLogChute initialized using file 'velocity.log'
2013-07-25 10:22:46,658 - Starting Apache Velocity v1.5 (compiled: 2007-02-22 08:52:29)
2013-07-25 10:22:46,658 - Default Properties File: org\apache\velocity\runtime\defaults\velocity.properties
2013-07-25 10:22:46,658 - Trying to use logger class org.apache.velocity.runtime.log.AvalonLogChute
2013-07-25 10:22:46,659 - Couldn't find class org.apache.velocity.runtime.log.AvalonLogChute or necessary supporting classes in classpath.
java.lang.NoClassDefFoundError: org/apache/log/format/Formatter
	at java.lang.Class.forName0(Native Method)
	at java.lang.Class.forName(Class.java:264)
	at org.apache.velocity.util.ClassUtils.getClass(ClassUtils.java:63)
	at org.apache.velocity.util.ClassUtils.getNewInstance(ClassUtils.java:95)
	at org.apache.velocity.runtime.log.LogManager.createLogChute(LogManager.java:147)
	at org.apache.velocity.runtime.log.LogManager.updateLog(LogManager.java:208)
	at org.apache.velocity.runtime.RuntimeInstance.initializeLog(RuntimeInstance.java:728)
	at org.apache.velocity.runtime.RuntimeInstance.init(RuntimeInstance.java:240)
	at org.apache.velocity.runtime.RuntimeSingleton.init(RuntimeSingleton.java:113)
	at org.apache.velocity.app.Velocity.init(Velocity.java:83)
	at rdb2rdfmappingbuilder.TemplateUtil.loadTemplate(TemplateUtil.java:49)
	at rdb2rdfmappingbuilder.TemplateUtil.applyTemplate(TemplateUtil.java:21)
	at br.ufc.mcc.arida.rdb2rdfmb.mapping.ViewsGen.buildViews(ViewsGen.java:143)
	at rdb2rdfmappingbuilder.MainController.createSqlViewsFired(MainController.java:706)
	at sun.reflect.NativeMethodAccessorImpl.invoke0(Native Method)
	at sun.reflect.NativeMethodAccessorImpl.invoke(NativeMethodAccessorImpl.java:57)
	at sun.reflect.DelegatingMethodAccessorImpl.invoke(DelegatingMethodAccessorImpl.java:43)
	at java.lang.reflect.Method.invoke(Method.java:601)
	at javafx.fxml.FXMLLoader$ControllerMethodEventHandler.handle(FXMLLoader.java:1435)
	at com.sun.javafx.event.CompositeEventHandler.dispatchBubblingEvent(CompositeEventHandler.java:69)
	at com.sun.javafx.event.EventHandlerManager.dispatchBubblingEvent(EventHandlerManager.java:217)
	at com.sun.javafx.event.EventHandlerManager.dispatchBubblingEvent(EventHandlerManager.java:170)
	at com.sun.javafx.event.CompositeEventDispatcher.dispatchBubblingEvent(CompositeEventDispatcher.java:38)
	at com.sun.javafx.event.BasicEventDispatcher.dispatchEvent(BasicEventDispatcher.java:37)
	at com.sun.javafx.event.EventDispatchChainImpl.dispatchEvent(EventDispatchChainImpl.java:92)
	at com.sun.javafx.event.BasicEventDispatcher.dispatchEvent(BasicEventDispatcher.java:35)
	at com.sun.javafx.event.EventDispatchChainImpl.dispatchEvent(EventDispatchChainImpl.java:92)
	at com.sun.javafx.event.BasicEventDispatcher.dispatchEvent(BasicEventDispatcher.java:35)
	at com.sun.javafx.event.EventDispatchChainImpl.dispatchEvent(EventDispatchChainImpl.java:92)
	at com.sun.javafx.event.BasicEventDispatcher.dispatchEvent(BasicEventDispatcher.java:35)
	at com.sun.javafx.event.EventDispatchChainImpl.dispatchEvent(EventDispatchChainImpl.java:92)
	at com.sun.javafx.event.BasicEventDispatcher.dispatchEvent(BasicEventDispatcher.java:35)
	at com.sun.javafx.event.EventDispatchChainImpl.dispatchEvent(EventDispatchChainImpl.java:92)
	at com.sun.javafx.event.BasicEventDispatcher.dispatchEvent(BasicEventDispatcher.java:35)
	at com.sun.javafx.event.EventDispatchChainImpl.dispatchEvent(EventDispatchChainImpl.java:92)
	at com.sun.javafx.event.BasicEventDispatcher.dispatchEvent(BasicEventDispatcher.java:35)
	at com.sun.javafx.event.EventDispatchChainImpl.dispatchEvent(EventDispatchChainImpl.java:92)
	at com.sun.javafx.event.BasicEventDispatcher.dispatchEvent(BasicEventDispatcher.java:35)
	at com.sun.javafx.event.EventDispatchChainImpl.dispatchEvent(EventDispatchChainImpl.java:92)
	at com.sun.javafx.event.EventUtil.fireEventImpl(EventUtil.java:53)
	at com.sun.javafx.event.EventUtil.fireEvent(EventUtil.java:28)
	at javafx.event.Event.fireEvent(Event.java:171)
	at javafx.scene.Node.fireEvent(Node.java:6863)
	at javafx.scene.control.Button.fire(Button.java:179)
	at com.sun.javafx.scene.control.behavior.ButtonBehavior.mouseReleased(ButtonBehavior.java:193)
	at com.sun.javafx.scene.control.skin.SkinBase$4.handle(SkinBase.java:336)
	at com.sun.javafx.scene.control.skin.SkinBase$4.handle(SkinBase.java:329)
	at com.sun.javafx.event.CompositeEventHandler.dispatchBubblingEvent(CompositeEventHandler.java:64)
	at com.sun.javafx.event.EventHandlerManager.dispatchBubblingEvent(EventHandlerManager.java:217)
	at com.sun.javafx.event.EventHandlerManager.dispatchBubblingEvent(EventHandlerManager.java:170)
	at com.sun.javafx.event.CompositeEventDispatcher.dispatchBubblingEvent(CompositeEventDispatcher.java:38)
	at com.sun.javafx.event.BasicEventDispatcher.dispatchEvent(BasicEventDispatcher.java:37)
	at com.sun.javafx.event.EventDispatchChainImpl.dispatchEvent(EventDispatchChainImpl.java:92)
	at com.sun.javafx.event.BasicEventDispatcher.dispatchEvent(BasicEventDispatcher.java:35)
	at com.sun.javafx.event.EventDispatchChainImpl.dispatchEvent(EventDispatchChainImpl.java:92)
	at com.sun.javafx.event.BasicEventDispatcher.dispatchEvent(BasicEventDispatcher.java:35)
	at com.sun.javafx.event.EventDispatchChainImpl.dispatchEvent(EventDispatchChainImpl.java:92)
	at com.sun.javafx.event.BasicEventDispatcher.dispatchEvent(BasicEventDispatcher.java:35)
	at com.sun.javafx.event.EventDispatchChainImpl.dispatchEvent(EventDispatchChainImpl.java:92)
	at com.sun.javafx.event.BasicEventDispatcher.dispatchEvent(BasicEventDispatcher.java:35)
	at com.sun.javafx.event.EventDispatchChainImpl.dispatchEvent(EventDispatchChainImpl.java:92)
	at com.sun.javafx.event.BasicEventDispatcher.dispatchEvent(BasicEventDispatcher.java:35)
	at com.sun.javafx.event.EventDispatchChainImpl.dispatchEvent(EventDispatchChainImpl.java:92)
	at com.sun.javafx.event.BasicEventDispatcher.dispatchEvent(BasicEventDispatcher.java:35)
	at com.sun.javafx.event.EventDispatchChainImpl.dispatchEvent(EventDispatchChainImpl.java:92)
	at com.sun.javafx.event.BasicEventDispatcher.dispatchEvent(BasicEventDispatcher.java:35)
	at com.sun.javafx.event.EventDispatchChainImpl.dispatchEvent(EventDispatchChainImpl.java:92)
	at com.sun.javafx.event.BasicEventDispatcher.dispatchEvent(BasicEventDispatcher.java:35)
	at com.sun.javafx.event.EventDispatchChainImpl.dispatchEvent(EventDispatchChainImpl.java:92)
	at com.sun.javafx.event.EventUtil.fireEventImpl(EventUtil.java:53)
	at com.sun.javafx.event.EventUtil.fireEvent(EventUtil.java:33)
	at javafx.event.Event.fireEvent(Event.java:171)
	at javafx.scene.Scene$MouseHandler.process(Scene.java:3324)
	at javafx.scene.Scene$MouseHandler.process(Scene.java:3164)
	at javafx.scene.Scene$MouseHandler.access$1900(Scene.java:3119)
	at javafx.scene.Scene.impl_processMouseEvent(Scene.java:1559)
	at javafx.scene.Scene$ScenePeerListener.mouseEvent(Scene.java:2261)
	at com.sun.javafx.tk.quantum.GlassViewEventHandler.handleMouseEvent(GlassViewEventHandler.java:228)
	at com.sun.glass.ui.View.handleMouseEvent(View.java:528)
	at com.sun.glass.ui.View.notifyMouse(View.java:922)
	at com.sun.glass.ui.win.WinApplication._runLoop(Native Method)
	at com.sun.glass.ui.win.WinApplication.access$100(WinApplication.java:29)
	at com.sun.glass.ui.win.WinApplication$3$1.run(WinApplication.java:73)
	at java.lang.Thread.run(Thread.java:722)
Caused by: java.lang.ClassNotFoundException: org.apache.log.format.Formatter
	at java.net.URLClassLoader$1.run(URLClassLoader.java:366)
	at java.net.URLClassLoader$1.run(URLClassLoader.java:355)
	at java.security.AccessController.doPrivileged(Native Method)
	at java.net.URLClassLoader.findClass(URLClassLoader.java:354)
	at java.lang.ClassLoader.loadClass(ClassLoader.java:423)
	at java.lang.ClassLoader.loadClass(ClassLoader.java:356)
	... 84 more
2013-07-25 10:22:46,661 - Trying to use logger class org.apache.velocity.runtime.log.Log4JLogChute
2013-07-25 10:22:46,661 - Using logger class org.apache.velocity.runtime.log.Log4JLogChute
2013-07-25 10:22:46,663 - Default ResourceManager initializing. (class org.apache.velocity.runtime.resource.ResourceManagerImpl)
2013-07-25 10:22:46,665 - ResourceLoader instantiated: org.apache.velocity.runtime.resource.loader.ClasspathResourceLoader
2013-07-25 10:22:46,678 - ResourceCache: initialized (class org.apache.velocity.runtime.resource.ResourceCacheImpl)
2013-07-25 10:22:46,679 - Loaded System Directive: org.apache.velocity.runtime.directive.Literal
2013-07-25 10:22:46,680 - Loaded System Directive: org.apache.velocity.runtime.directive.Macro
2013-07-25 10:22:46,682 - Loaded System Directive: org.apache.velocity.runtime.directive.Parse
2013-07-25 10:22:46,683 - Loaded System Directive: org.apache.velocity.runtime.directive.Include
2013-07-25 10:22:46,684 - Loaded System Directive: org.apache.velocity.runtime.directive.Foreach
2013-07-25 10:22:46,720 - Created '20' parsers.
2013-07-25 10:22:46,726 - Velocimacro : "velocimacro.library" is not set.  Trying default library: VM_global_library.vm
2013-07-25 10:22:46,727 - Velocimacro : Default library not found.
2013-07-25 10:22:46,727 - Velocimacro : allowInline = true : VMs can be defined inline in templates
2013-07-25 10:22:46,727 - Velocimacro : allowInlineToOverride = false : VMs defined inline may NOT replace previous VM definitions
2013-07-25 10:22:46,727 - Velocimacro : allowInlineLocal = false : VMs defined inline will be global in scope if allowed.
2013-07-25 10:22:46,727 - Velocimacro : autoload off : VM system will not automatically reload global library macros
2013-07-25 10:22:46,744 - ResourceManager : found /templates/views/simpleView.vm with loader org.apache.velocity.runtime.resource.loader.ClasspathResourceLoader
2013-07-25 11:04:13,962 - Log4JLogChute initialized using file 'velocity.log'
2013-07-25 11:04:13,963 - Starting Apache Velocity v1.5 (compiled: 2007-02-22 08:52:29)
2013-07-25 11:04:13,963 - Default Properties File: org\apache\velocity\runtime\defaults\velocity.properties
2013-07-25 11:04:13,963 - Trying to use logger class org.apache.velocity.runtime.log.AvalonLogChute
2013-07-25 11:04:13,964 - Couldn't find class org.apache.velocity.runtime.log.AvalonLogChute or necessary supporting classes in classpath.
java.lang.NoClassDefFoundError: org/apache/log/format/Formatter
	at java.lang.Class.forName0(Native Method)
	at java.lang.Class.forName(Class.java:264)
	at org.apache.velocity.util.ClassUtils.getClass(ClassUtils.java:63)
	at org.apache.velocity.util.ClassUtils.getNewInstance(ClassUtils.java:95)
	at org.apache.velocity.runtime.log.LogManager.createLogChute(LogManager.java:147)
	at org.apache.velocity.runtime.log.LogManager.updateLog(LogManager.java:208)
	at org.apache.velocity.runtime.RuntimeInstance.initializeLog(RuntimeInstance.java:728)
	at org.apache.velocity.runtime.RuntimeInstance.init(RuntimeInstance.java:240)
	at org.apache.velocity.runtime.RuntimeSingleton.init(RuntimeSingleton.java:113)
	at org.apache.velocity.app.Velocity.init(Velocity.java:83)
	at rdb2rdfmappingbuilder.TemplateUtil.loadTemplate(TemplateUtil.java:49)
	at rdb2rdfmappingbuilder.TemplateUtil.applyTemplate(TemplateUtil.java:21)
	at br.ufc.mcc.arida.rdb2rdfmb.mapping.ViewsGen.buildViews(ViewsGen.java:149)
	at rdb2rdfmappingbuilder.MainController.createSqlViewsFired(MainController.java:706)
	at sun.reflect.NativeMethodAccessorImpl.invoke0(Native Method)
	at sun.reflect.NativeMethodAccessorImpl.invoke(NativeMethodAccessorImpl.java:57)
	at sun.reflect.DelegatingMethodAccessorImpl.invoke(DelegatingMethodAccessorImpl.java:43)
	at java.lang.reflect.Method.invoke(Method.java:601)
	at javafx.fxml.FXMLLoader$ControllerMethodEventHandler.handle(FXMLLoader.java:1435)
	at com.sun.javafx.event.CompositeEventHandler.dispatchBubblingEvent(CompositeEventHandler.java:69)
	at com.sun.javafx.event.EventHandlerManager.dispatchBubblingEvent(EventHandlerManager.java:217)
	at com.sun.javafx.event.EventHandlerManager.dispatchBubblingEvent(EventHandlerManager.java:170)
	at com.sun.javafx.event.CompositeEventDispatcher.dispatchBubblingEvent(CompositeEventDispatcher.java:38)
	at com.sun.javafx.event.BasicEventDispatcher.dispatchEvent(BasicEventDispatcher.java:37)
	at com.sun.javafx.event.EventDispatchChainImpl.dispatchEvent(EventDispatchChainImpl.java:92)
	at com.sun.javafx.event.BasicEventDispatcher.dispatchEvent(BasicEventDispatcher.java:35)
	at com.sun.javafx.event.EventDispatchChainImpl.dispatchEvent(EventDispatchChainImpl.java:92)
	at com.sun.javafx.event.BasicEventDispatcher.dispatchEvent(BasicEventDispatcher.java:35)
	at com.sun.javafx.event.EventDispatchChainImpl.dispatchEvent(EventDispatchChainImpl.java:92)
	at com.sun.javafx.event.BasicEventDispatcher.dispatchEvent(BasicEventDispatcher.java:35)
	at com.sun.javafx.event.EventDispatchChainImpl.dispatchEvent(EventDispatchChainImpl.java:92)
	at com.sun.javafx.event.BasicEventDispatcher.dispatchEvent(BasicEventDispatcher.java:35)
	at com.sun.javafx.event.EventDispatchChainImpl.dispatchEvent(EventDispatchChainImpl.java:92)
	at com.sun.javafx.event.BasicEventDispatcher.dispatchEvent(BasicEventDispatcher.java:35)
	at com.sun.javafx.event.EventDispatchChainImpl.dispatchEvent(EventDispatchChainImpl.java:92)
	at com.sun.javafx.event.BasicEventDispatcher.dispatchEvent(BasicEventDispatcher.java:35)
	at com.sun.javafx.event.EventDispatchChainImpl.dispatchEvent(EventDispatchChainImpl.java:92)
	at com.sun.javafx.event.BasicEventDispatcher.dispatchEvent(BasicEventDispatcher.java:35)
	at com.sun.javafx.event.EventDispatchChainImpl.dispatchEvent(EventDispatchChainImpl.java:92)
	at com.sun.javafx.event.EventUtil.fireEventImpl(EventUtil.java:53)
	at com.sun.javafx.event.EventUtil.fireEvent(EventUtil.java:28)
	at javafx.event.Event.fireEvent(Event.java:171)
	at javafx.scene.Node.fireEvent(Node.java:6863)
	at javafx.scene.control.Button.fire(Button.java:179)
	at com.sun.javafx.scene.control.behavior.ButtonBehavior.mouseReleased(ButtonBehavior.java:193)
	at com.sun.javafx.scene.control.skin.SkinBase$4.handle(SkinBase.java:336)
	at com.sun.javafx.scene.control.skin.SkinBase$4.handle(SkinBase.java:329)
	at com.sun.javafx.event.CompositeEventHandler.dispatchBubblingEvent(CompositeEventHandler.java:64)
	at com.sun.javafx.event.EventHandlerManager.dispatchBubblingEvent(EventHandlerManager.java:217)
	at com.sun.javafx.event.EventHandlerManager.dispatchBubblingEvent(EventHandlerManager.java:170)
	at com.sun.javafx.event.CompositeEventDispatcher.dispatchBubblingEvent(CompositeEventDispatcher.java:38)
	at com.sun.javafx.event.BasicEventDispatcher.dispatchEvent(BasicEventDispatcher.java:37)
	at com.sun.javafx.event.EventDispatchChainImpl.dispatchEvent(EventDispatchChainImpl.java:92)
	at com.sun.javafx.event.BasicEventDispatcher.dispatchEvent(BasicEventDispatcher.java:35)
	at com.sun.javafx.event.EventDispatchChainImpl.dispatchEvent(EventDispatchChainImpl.java:92)
	at com.sun.javafx.event.BasicEventDispatcher.dispatchEvent(BasicEventDispatcher.java:35)
	at com.sun.javafx.event.EventDispatchChainImpl.dispatchEvent(EventDispatchChainImpl.java:92)
	at com.sun.javafx.event.BasicEventDispatcher.dispatchEvent(BasicEventDispatcher.java:35)
	at com.sun.javafx.event.EventDispatchChainImpl.dispatchEvent(EventDispatchChainImpl.java:92)
	at com.sun.javafx.event.BasicEventDispatcher.dispatchEvent(BasicEventDispatcher.java:35)
	at com.sun.javafx.event.EventDispatchChainImpl.dispatchEvent(EventDispatchChainImpl.java:92)
	at com.sun.javafx.event.BasicEventDispatcher.dispatchEvent(BasicEventDispatcher.java:35)
	at com.sun.javafx.event.EventDispatchChainImpl.dispatchEvent(EventDispatchChainImpl.java:92)
	at com.sun.javafx.event.BasicEventDispatcher.dispatchEvent(BasicEventDispatcher.java:35)
	at com.sun.javafx.event.EventDispatchChainImpl.dispatchEvent(EventDispatchChainImpl.java:92)
	at com.sun.javafx.event.BasicEventDispatcher.dispatchEvent(BasicEventDispatcher.java:35)
	at com.sun.javafx.event.EventDispatchChainImpl.dispatchEvent(EventDispatchChainImpl.java:92)
	at com.sun.javafx.event.BasicEventDispatcher.dispatchEvent(BasicEventDispatcher.java:35)
	at com.sun.javafx.event.EventDispatchChainImpl.dispatchEvent(EventDispatchChainImpl.java:92)
	at com.sun.javafx.event.EventUtil.fireEventImpl(EventUtil.java:53)
	at com.sun.javafx.event.EventUtil.fireEvent(EventUtil.java:33)
	at javafx.event.Event.fireEvent(Event.java:171)
	at javafx.scene.Scene$MouseHandler.process(Scene.java:3324)
	at javafx.scene.Scene$MouseHandler.process(Scene.java:3164)
	at javafx.scene.Scene$MouseHandler.access$1900(Scene.java:3119)
	at javafx.scene.Scene.impl_processMouseEvent(Scene.java:1559)
	at javafx.scene.Scene$ScenePeerListener.mouseEvent(Scene.java:2261)
	at com.sun.javafx.tk.quantum.GlassViewEventHandler.handleMouseEvent(GlassViewEventHandler.java:228)
	at com.sun.glass.ui.View.handleMouseEvent(View.java:528)
	at com.sun.glass.ui.View.notifyMouse(View.java:922)
	at com.sun.glass.ui.win.WinApplication._runLoop(Native Method)
	at com.sun.glass.ui.win.WinApplication.access$100(WinApplication.java:29)
	at com.sun.glass.ui.win.WinApplication$3$1.run(WinApplication.java:73)
	at java.lang.Thread.run(Thread.java:722)
Caused by: java.lang.ClassNotFoundException: org.apache.log.format.Formatter
	at java.net.URLClassLoader$1.run(URLClassLoader.java:366)
	at java.net.URLClassLoader$1.run(URLClassLoader.java:355)
	at java.security.AccessController.doPrivileged(Native Method)
	at java.net.URLClassLoader.findClass(URLClassLoader.java:354)
	at java.lang.ClassLoader.loadClass(ClassLoader.java:423)
	at java.lang.ClassLoader.loadClass(ClassLoader.java:356)
	... 84 more
2013-07-25 11:04:13,969 - Trying to use logger class org.apache.velocity.runtime.log.Log4JLogChute
2013-07-25 11:04:13,969 - Using logger class org.apache.velocity.runtime.log.Log4JLogChute
2013-07-25 11:04:13,973 - Default ResourceManager initializing. (class org.apache.velocity.runtime.resource.ResourceManagerImpl)
2013-07-25 11:04:13,976 - ResourceLoader instantiated: org.apache.velocity.runtime.resource.loader.ClasspathResourceLoader
2013-07-25 11:04:13,997 - ResourceCache: initialized (class org.apache.velocity.runtime.resource.ResourceCacheImpl)
2013-07-25 11:04:13,998 - Loaded System Directive: org.apache.velocity.runtime.directive.Literal
2013-07-25 11:04:14,000 - Loaded System Directive: org.apache.velocity.runtime.directive.Macro
2013-07-25 11:04:14,002 - Loaded System Directive: org.apache.velocity.runtime.directive.Parse
2013-07-25 11:04:14,004 - Loaded System Directive: org.apache.velocity.runtime.directive.Include
2013-07-25 11:04:14,005 - Loaded System Directive: org.apache.velocity.runtime.directive.Foreach
2013-07-25 11:04:14,039 - Created '20' parsers.
2013-07-25 11:04:14,045 - Velocimacro : "velocimacro.library" is not set.  Trying default library: VM_global_library.vm
2013-07-25 11:04:14,045 - Velocimacro : Default library not found.
2013-07-25 11:04:14,045 - Velocimacro : allowInline = true : VMs can be defined inline in templates
2013-07-25 11:04:14,045 - Velocimacro : allowInlineToOverride = false : VMs defined inline may NOT replace previous VM definitions
2013-07-25 11:04:14,045 - Velocimacro : allowInlineLocal = false : VMs defined inline will be global in scope if allowed.
2013-07-25 11:04:14,045 - Velocimacro : autoload off : VM system will not automatically reload global library macros
2013-07-25 11:04:14,065 - ResourceManager : found /templates/views/pathView.vm with loader org.apache.velocity.runtime.resource.loader.ClasspathResourceLoader
2013-07-25 11:04:14,077 - ResourceManager : found /templates/views/simpleView.vm with loader org.apache.velocity.runtime.resource.loader.ClasspathResourceLoader
